<?xml version="1.0" encoding="UTF-8"?>
<!-- Generated by org.testng.reporters.JUnitXMLReporter -->
<testsuite ignored="0" hostname="Niyati_PC" failures="1" tests="7" name="com.qa.webshop" time="75.649" errors="0" timestamp="2026-04-29T19:55:53 EDT">
  <testcase classname="com.webshop.testcase.LoginPageTest" name="testLoginPageTitle" time="0.44"/>
  <testcase classname="com.webshop.testcase.LoginPageTest" name="testValidLogin" time="2.444"/>
  <testcase classname="com.webshop.testcase.LoginPageTest" name="testEmptyPassword" time="0.986"/>
  <testcase classname="com.webshop.testcase.LoginPageTest" name="testEmptyEmail" time="0.928"/>
  <testcase classname="com.webshop.testcase.LoginPageTest" name="testIncorrectEmailAddress" time="0.566"/>
  <testcase classname="com.webshop.testcase.LoginPageTest" name="testRememberMeChecked" time="24.594">
    <failure type="java.lang.AssertionError" message="User Should be logged in! expected [true] but found [false]">
      <![CDATA[java.lang.AssertionError: User Should be logged in! expected [true] but found [false]
at com.webshop.testcase.LoginPageTest.testRememberMeChecked(LoginPageTest.java:120)
at java.base/java.util.ArrayList.forEach(ArrayList.java:1596)
at com.intellij.rt.testng.IDEARemoteTestNG.run(IDEARemoteTestNG.java:65)
at com.intellij.rt.testng.RemoteTestNGStarter.main(RemoteTestNGStarter.java:105)
... Removed 25 stack frames]]>
    </failure>
  </testcase> <!-- testRememberMeChecked -->
  <testcase classname="com.webshop.testcase.LoginPageTest" name="testRememberMeUnchecked" time="4.474"/>
</testsuite> <!-- com.qa.webshop -->
